# JRE version: 6.0_31-b31
# Java VM: OpenJDK 64-Bit Server VM (23.25-b01 mixed mode linux-amd64 compressed oops)
Heap
 PSYoungGen      total 130944K, used 61813K [0x00000007f8000000, 0x0000000800000000, 0x0000000800000000)
  eden space 130816K, 47% used [0x00000007f8000000,0x00000007fbc5d5f0,0x00000007fffc0000)
  from space 128K, 0% used [0x00000007fffe0000,0x00000007fffe0000,0x0000000800000000)
  to   space 128K, 0% used [0x00000007fffc0000,0x00000007fffc0000,0x00000007fffe0000)
 ParOldGen       total 193280K, used 67355K [0x0000000780000000, 0x000000078bcc0000, 0x00000007f8000000)
  object space 193280K, 34% used [0x0000000780000000,0x00000007841c6f08,0x000000078bcc0000)
 PSPermGen       total 131328K, used 69929K [0x0000000770000000, 0x0000000778040000, 0x0000000780000000)
  object space 131328K, 53% used [0x0000000770000000,0x000000077444a550,0x0000000778040000)
GC Heap History (10 events):
Event: 92512.190 GC heap before
{Heap before GC invocations=59904 (full 664):
 PSYoungGen      total 130944K, used 64K [0x00000007f8000000, 0x0000000800000000, 0x0000000800000000)
  eden space 130816K, 0% used [0x00000007f8000000,0x00000007f8000000,0x00000007fffc0000)
  from space 128K, 50% used [0x00000007fffe0000,0x00000007ffff0000,0x0000000800000000)
  to   space 128K, 0% used [0x00000007fffc0000,0x00000007fffc0000,0x00000007fffe0000)
 ParOldGen       total 193280K, used 67356K [0x0000000780000000, 0x000000078bcc0000, 0x00000007f8000000)
  object space 193280K, 34% used [0x0000000780000000,0x00000007841c70c0,0x000000078bcc0000)
 PSPermGen       total 131328K, used 69918K [0x0000000770000000, 0x0000000778040000, 0x0000000780000000)
  object space 131328K, 53% used [0x0000000770000000,0x00000007744478b0,0x0000000778040000)
Event: 92512.691 GC heap after
Heap after GC invocations=59904 (full 664):
 PSYoungGen      total 130944K, used 0K [0x00000007f8000000, 0x0000000800000000, 0x0000000800000000)
  eden space 130816K, 0% used [0x00000007f8000000,0x00000007f8000000,0x00000007fffc0000)
  from space 128K, 0% used [0x00000007fffe0000,0x00000007fffe0000,0x0000000800000000)
  to   space 128K, 0% used [0x00000007fffc0000,0x00000007fffc0000,0x00000007fffe0000)
 ParOldGen       total 193280K, used 67356K [0x0000000780000000, 0x000000078bcc0000, 0x00000007f8000000)
  object space 193280K, 34% used [0x0000000780000000,0x00000007841c70c0,0x000000078bcc0000)
 PSPermGen       total 131328K, used 69918K [0x0000000770000000, 0x0000000778040000, 0x0000000780000000)
  object space 131328K, 53% used [0x0000000770000000,0x00000007744478b0,0x0000000778040000)
}
Event: 92572.186 GC heap before
{Heap before GC invocations=59905 (full 664):
 PSYoungGen      total 130944K, used 70329K [0x00000007f8000000, 0x0000000800000000, 0x0000000800000000)
  eden space 130816K, 53% used [0x00000007f8000000,0x00000007fc4ae4a8,0x00000007fffc0000)
  from space 128K, 0% used [0x00000007fffe0000,0x00000007fffe0000,0x0000000800000000)
  to   space 128K, 0% used [0x00000007fffc0000,0x00000007fffc0000,0x00000007fffe0000)
 ParOldGen       total 193280K, used 67356K [0x0000000780000000, 0x000000078bcc0000, 0x00000007f8000000)
  object space 193280K, 34% used [0x0000000780000000,0x00000007841c70c0,0x000000078bcc0000)
 PSPermGen       total 131328K, used 69918K [0x0000000770000000, 0x0000000778040000, 0x0000000780000000)
  object space 131328K, 53% used [0x0000000770000000,0x00000007744478b0,0x0000000778040000)
Event: 92572.194 GC heap after
Heap after GC invocations=59905 (full 664):
 PSYoungGen      total 130944K, used 64K [0x00000007f8000000, 0x0000000800000000, 0x0000000800000000)
  eden space 130816K, 0% used [0x00000007f8000000,0x00000007f8000000,0x00000007fffc0000)
  from space 128K, 50% used [0x00000007fffc0000,0x00000007fffd0000,0x00000007fffe0000)
  to   space 128K, 0% used [0x00000007fffe0000,0x00000007fffe0000,0x0000000800000000)
 ParOldGen       total 193280K, used 67356K [0x0000000780000000, 0x000000078bcc0000, 0x00000007f8000000)
  object space 193280K, 34% used [0x0000000780000000,0x00000007841c70c0,0x000000078bcc0000)
 PSPermGen       total 131328K, used 69918K [0x0000000770000000, 0x0000000778040000, 0x0000000780000000)
  object space 131328K, 53% used [0x0000000770000000,0x00000007744478b0,0x0000000778040000)
}
Event: 92572.194 GC heap before
{Heap before GC invocations=59906 (full 665):
 PSYoungGen      total 130944K, used 64K [0x00000007f8000000, 0x0000000800000000, 0x0000000800000000)
  eden space 130816K, 0% used [0x00000007f8000000,0x00000007f8000000,0x00000007fffc0000)
  from space 128K, 50% used [0x00000007fffc0000,0x00000007fffd0000,0x00000007fffe0000)
  to   space 128K, 0% used [0x00000007fffe0000,0x00000007fffe0000,0x0000000800000000)
 ParOldGen       total 193280K, used 67356K [0x0000000780000000, 0x000000078bcc0000, 0x00000007f8000000)
  object space 193280K, 34% used [0x0000000780000000,0x00000007841c70c0,0x000000078bcc0000)
 PSPermGen       total 131328K, used 69918K [0x0000000770000000, 0x0000000778040000, 0x0000000780000000)
  object space 131328K, 53% used [0x0000000770000000,0x00000007744478b0,0x0000000778040000)
Event: 92572.688 GC heap after
Heap after GC invocations=59906 (full 665):
 PSYoungGen      total 130944K, used 0K [0x00000007f8000000, 0x0000000800000000, 0x0000000800000000)
  eden space 130816K, 0% used [0x00000007f8000000,0x00000007f8000000,0x00000007fffc0000)
  from space 128K, 0% used [0x00000007fffc0000,0x00000007fffc0000,0x00000007fffe0000)
  to   space 128K, 0% used [0x00000007fffe0000,0x00000007fffe0000,0x0000000800000000)
 ParOldGen       total 193280K, used 67355K [0x0000000780000000, 0x000000078bcc0000, 0x00000007f8000000)
  object space 193280K, 34% used [0x0000000780000000,0x00000007841c6e10,0x000000078bcc0000)
 PSPermGen       total 131328K, used 69918K [0x0000000770000000, 0x0000000778040000, 0x0000000780000000)
  object space 131328K, 53% used [0x0000000770000000,0x00000007744478b0,0x0000000778040000)
}
Event: 92632.187 GC heap before
{Heap before GC invocations=59907 (full 665):
 PSYoungGen      total 130944K, used 79110K [0x00000007f8000000, 0x0000000800000000, 0x0000000800000000)
  eden space 130816K, 60% used [0x00000007f8000000,0x00000007fcd41940,0x00000007fffc0000)
  from space 128K, 0% used [0x00000007fffc0000,0x00000007fffc0000,0x00000007fffe0000)
  to   space 128K, 0% used [0x00000007fffe0000,0x00000007fffe0000,0x0000000800000000)
 ParOldGen       total 193280K, used 67355K [0x0000000780000000, 0x000000078bcc0000, 0x00000007f8000000)
  object space 193280K, 34% used [0x0000000780000000,0x00000007841c6e10,0x000000078bcc0000)
 PSPermGen       total 131328K, used 69918K [0x0000000770000000, 0x0000000778040000, 0x0000000780000000)
  object space 131328K, 53% used [0x0000000770000000,0x00000007744478b0,0x0000000778040000)
Event: 92632.191 GC heap after
Heap after GC invocations=59907 (full 665):
 PSYoungGen      total 130944K, used 64K [0x00000007f8000000, 0x0000000800000000, 0x0000000800000000)
  eden space 130816K, 0% used [0x00000007f8000000,0x00000007f8000000,0x00000007fffc0000)
  from space 128K, 50% used [0x00000007fffe0000,0x00000007ffff0000,0x0000000800000000)
  to   space 128K, 0% used [0x00000007fffc0000,0x00000007fffc0000,0x00000007fffe0000)
 ParOldGen       total 193280K, used 67355K [0x0000000780000000, 0x000000078bcc0000, 0x00000007f8000000)
  object space 193280K, 34% used [0x0000000780000000,0x00000007841c6e10,0x000000078bcc0000)
 PSPermGen       total 131328K, used 69918K [0x0000000770000000, 0x0000000778040000, 0x0000000780000000)
  object space 131328K, 53% used [0x0000000770000000,0x00000007744478b0,0x0000000778040000)
}
Event: 92632.191 GC heap before
{Heap before GC invocations=59908 (full 666):
 PSYoungGen      total 130944K, used 64K [0x00000007f8000000, 0x0000000800000000, 0x0000000800000000)
  eden space 130816K, 0% used [0x00000007f8000000,0x00000007f8000000,0x00000007fffc0000)
  from space 128K, 50% used [0x00000007fffe0000,0x00000007ffff0000,0x0000000800000000)
  to   space 128K, 0% used [0x00000007fffc0000,0x00000007fffc0000,0x00000007fffe0000)
 ParOldGen       total 193280K, used 67355K [0x0000000780000000, 0x000000078bcc0000, 0x00000007f8000000)
  object space 193280K, 34% used [0x0000000780000000,0x00000007841c6e10,0x000000078bcc0000)
 PSPermGen       total 131328K, used 69918K [0x0000000770000000, 0x0000000778040000, 0x0000000780000000)
  object space 131328K, 53% used [0x0000000770000000,0x00000007744478b0,0x0000000778040000)
Event: 92632.692 GC heap after
Heap after GC invocations=59908 (full 666):
 PSYoungGen      total 130944K, used 0K [0x00000007f8000000, 0x0000000800000000, 0x0000000800000000)
  eden space 130816K, 0% used [0x00000007f8000000,0x00000007f8000000,0x00000007fffc0000)
  from space 128K, 0% used [0x00000007fffe0000,0x00000007fffe0000,0x0000000800000000)
  to   space 128K, 0% used [0x00000007fffc0000,0x00000007fffc0000,0x00000007fffe0000)
 ParOldGen       total 193280K, used 67355K [0x0000000780000000, 0x000000078bcc0000, 0x00000007f8000000)
  object space 193280K, 34% used [0x0000000780000000,0x00000007841c6f08,0x000000078bcc0000)
 PSPermGen       total 131328K, used 69918K [0x0000000770000000, 0x0000000778040000, 0x0000000780000000)
  object space 131328K, 53% used [0x0000000770000000,0x00000007744478b0,0x0000000778040000)
}

